[   13614ms] [LOG] %cINFO background:#4CAF50;color: #111;padding:0 5px;border-radius:10px loading localStorage config @ https://monkeytype.com/js/monkeytype-utils.JlVjQPfJ.js:3
[   14013ms] [LOG] %cINFO background:#4CAF50;color: #111;padding:0 5px;border-radius:10px saving full config to localStorage @ https://monkeytype.com/js/monkeytype-utils.JlVjQPfJ.js:3
[   14926ms] [LOG] %cINFO background:#4CAF50;color: #111;padding:0 5px;border-radius:10px changing page test @ https://monkeytype.com/js/monkeytype-utils.JlVjQPfJ.js:3
[   15154ms] [LOG] %cINFO background:#4CAF50;color: #111;padding:0 5px;border-radius:10px Activating Analytics @ https://monkeytype.com/js/monkeytype-utils.JlVjQPfJ.js:3
[   15157ms] [LOG] %cINFO background:#4CAF50;color: #111;padding:0 5px;border-radius:10px Activating Sentry @ https://monkeytype.com/js/monkeytype-utils.JlVjQPfJ.js:3
[   15222ms] [LOG] %cINFO background:#4CAF50;color: #111;padding:0 5px;border-radius:10px Inializing test {language: Object, customText: Object, mode: time, mode2: 30, funbox: Array(0)} @ https://monkeytype.com/js/monkeytype-utils.JlVjQPfJ.js:3
[   17320ms] [WARNING] %cWRN background:#FFC107;color: #111;padding:0 5px;border-radius:10px [GPT] PubAdsService.setTargeting is deprecated, use googletag.setConfig({targeting: ...}) instead.
https://goo.gle/gpt-message#170 @ https://monkeytype.com/js/monkeytype-utils.JlVjQPfJ.js:3
[   18165ms] [WARNING] The resource https://monkeytype.com/css/standalone.DHP88Jl6.css was preloaded using link preload but not used within a few seconds from the window's load event. Please make sure it has an appropriate `as` value and it is preloaded intentionally. @ https://monkeytype.com/:0
[   19185ms] [WARNING] %cWRN background:#FFC107;color: #111;padding:0 5px;border-radius:10px [GPT] Using deprecated googletag.encryptedSignalProviders. Please use googletag.secureSignalProviders instead.
https://goo.gle/gpt-message#155 @ https://monkeytype.com/js/monkeytype-utils.JlVjQPfJ.js:3
[   23595ms] [WARNING] The resource https://monkeytype.com/css/standalone.DHP88Jl6.css was preloaded using link preload but not used within a few seconds from the window's load event. Please make sure it has an appropriate `as` value and it is preloaded intentionally. @ https://monkeytype.com/:0
[   24257ms] [ERROR] Failed to load resource: the server responded with a status of 429 () @ https://o4509236448133120.ingest.us.sentry.io/api/4509237217394688/envelope/?sentry_version=7&sentry_key=f50c25dc9dd75304a63776063896a39b&sentry_client=sentry.javascript.browser%2F10.44.0:0
[   27544ms] [ERROR] Failed to load resource: net::ERR_TOO_MANY_REDIRECTS @ https://uipglob.semasio.net/dbm/1/info?sType=sync&sExtCookieId=CAESEBUPoC5nvtzG7BmnL9Jz3vk&sInitiator=internal&google_cver=1&gdpr=0&gdpr_consent=&id5=ID5-3cd13cQZ_6latDlz-y7nYpSSQxoI9Y8CJ2Oxsk5yHQ&google_cver=1:0
[   29489ms] [ERROR] Failed to load resource: the server responded with a status of 400 (Bad Request) @ https://ps.eyeota.net/match?bid=2ri0rg0&uid={797728b1-a5b5-1f8f-ca4f0879}:0
[   32589ms] [WARNING] The resource https://monkeytype.com/css/standalone.DHP88Jl6.css was preloaded using link preload but not used within a few seconds from the window's load event. Please make sure it has an appropriate `as` value and it is preloaded intentionally. @ https://monkeytype.com/:0
[   39683ms] [WARNING] The resource https://monkeytype.com/css/standalone.DHP88Jl6.css was preloaded using link preload but not used within a few seconds from the window's load event. Please make sure it has an appropriate `as` value and it is preloaded intentionally. @ https://monkeytype.com/:0
[   42069ms] [LOG] %cINFO background:#4CAF50;color: #111;padding:0 5px;border-radius:10px {id5id: Object} @ https://monkeytype.com/js/monkeytype-utils.JlVjQPfJ.js:3
[   42069ms] [LOG] %cINFO background:#4CAF50;color: #111;padding:0 5px;border-radius:10px prebid js processing time: 2181 ms @ https://monkeytype.com/js/monkeytype-utils.JlVjQPfJ.js:3
[   45137ms] [WARNING] The resource https://monkeytype.com/css/standalone.DHP88Jl6.css was preloaded using link preload but not used within a few seconds from the window's load event. Please make sure it has an appropriate `as` value and it is preloaded intentionally. @ https://monkeytype.com/:0
[   48154ms] [ERROR] Failed to load resource: net::ERR_CONNECTION_CLOSED @ https://static.aroa.io/sync/sync.php?eyeid=2BK6pbFcbHGRD3CmIuxWq2-kqz-YETWgykQIBxmEjenE:0
